Using desktop session i3-with-shmlog

New 'manjaro:1 (obey)' desktop is manjaro:1

Starting desktop session i3-with-shmlog


Xvnc TigerVNC 1.11.0 - built Nov 24 2020 19:41:47
Copyright (C) 1999-2020 TigerVNC Team and many others (see README.rst)
See https://www.tigervnc.org for information on TigerVNC.
Underlying X server release 12009000, The X.Org Foundation


Thu Jan 28 22:01:39 2021
 vncext:      VNC extension running!
 vncext:      Listening for VNC connections on all interface(s), port 5901
 vncext:      created VNC server for screen 0
xinit: XFree86_VT property unexpectedly has 0 items instead of 1
Running X session wrapper
Loading profile from /etc/profile
Loading profile from /home/obey/.profile

/usr/lib/Xorg.wrap: Only console users are allowed to run the X server
xinit: giving up
xinit: unable to connect to X server: Connection refused
xinit: server error
Couldn't get a file descriptor referring to the console.
xinit: connection to X server lost

waiting for X server to shut down 
Thu Jan 28 22:01:54 2021
 ComparingUpdateTracker: 0 pixels in / 0 pixels out
 ComparingUpdateTracker: (1:-nan ratio)

